<?xml version="1.0" encoding="UTF-8"?>
<!-- Generated by org.testng.reporters.JUnitReportReporter -->
<testsuite skipped="0" hostname="DESKTOP-ELFEV83" name="p2.ClassB" tests="5" failures="0" timestamp="2023-01-05T12:51:31 IST" time="0.007" errors="0">
  <testcase name="tc3" time="0.002" classname="p2.ClassB"/>
  <system-out>
    <![CDATA[tc3 executed]]>
  </system-out>
  <testcase name="tc4" time="0.001" classname="p2.ClassB"/>
  <system-out>
    <![CDATA[tc2 executed]]>
  </system-out>
  <testcase name="tc6" time="0.002" classname="p2.ClassB"/>
  <system-out>
    <![CDATA[tc2 executed]]>
  </system-out>
  <testcase name="tc5" time="0.001" classname="p2.ClassB"/>
  <system-out>
    <![CDATA[tc2 executed]]>
  </system-out>
  <testcase name="tc2" time="0.001" classname="p2.ClassB"/>
  <system-out>
    <![CDATA[tc2 executed]]>
  </system-out>
</testsuite> <!-- p2.ClassB -->
