<?xml version="1.0" encoding="UTF-8"?>
<!-- Generated by org.testng.reporters.JUnitReportReporter -->
<testsuite skipped="0" hostname="DESKTOP-ELFEV83" name="p1.ClassA" tests="1" failures="0" timestamp="2023-01-05T12:51:31 IST" time="0.011" errors="0">
  <testcase name="tc1" time="0.011" classname="p1.ClassA"/>
  <system-out>
    <![CDATA[tc1 excuted]]>
  </system-out>
</testsuite> <!-- p1.ClassA -->
